core   0: 0x0000000000001000 (0x00000297) auipc   t0, 0x0
core   0: 3 0x0000000000001000 (0x00000297) x5  0x0000000000001000
core   0: 0x0000000000001004 (0x02028593) addi    a1, t0, 32
core   0: 3 0x0000000000001004 (0x02028593) x11 0x0000000000001020
core   0: 0x0000000000001008 (0xf1402573) csrr    a0, mhartid
core   0: 3 0x0000000000001008 (0xf1402573) x10 0x0000000000000000
core   0: 0x000000000000100c (0x0182b283) ld      t0, 24(t0)
core   0: 3 0x000000000000100c (0x0182b283) x5  0x0000000080000000 mem 0x0000000000001018
core   0: 0x0000000000001010 (0x00028067) jr      t0
core   0: 3 0x0000000000001010 (0x00028067)
core   0: >>>>  _start
core   0: 0x0000000080000000 (0x00004081) c.li    ra, 0
core   0: 3 0x0000000080000000 (0x4081) x1  0x0000000000000000
core   0: 0x0000000080000002 (0x00004101) c.li    sp, 0
core   0: 3 0x0000000080000002 (0x4101) x2  0x0000000000000000
core   0: 0x0000000080000004 (0x00004181) c.li    gp, 0
core   0: 3 0x0000000080000004 (0x4181) x3  0x0000000000000000
core   0: 0x0000000080000006 (0x00004201) c.li    tp, 0
core   0: 3 0x0000000080000006 (0x4201) x4  0x0000000000000000
core   0: 0x0000000080000008 (0x00004281) c.li    t0, 0
core   0: 3 0x0000000080000008 (0x4281) x5  0x0000000000000000
core   0: 0x000000008000000a (0x00004301) c.li    t1, 0
core   0: 3 0x000000008000000a (0x4301) x6  0x0000000000000000
core   0: 0x000000008000000c (0x00004381) c.li    t2, 0
core   0: 3 0x000000008000000c (0x4381) x7  0x0000000000000000
core   0: 0x000000008000000e (0x00004401) c.li    s0, 0
core   0: 3 0x000000008000000e (0x4401) x8  0x0000000000000000
core   0: 0x0000000080000010 (0x00004481) c.li    s1, 0
core   0: 3 0x0000000080000010 (0x4481) x9  0x0000000000000000
core   0: 0x0000000080000012 (0x00004501) c.li    a0, 0
core   0: 3 0x0000000080000012 (0x4501) x10 0x0000000000000000
core   0: 0x0000000080000014 (0x00004581) c.li    a1, 0
core   0: 3 0x0000000080000014 (0x4581) x11 0x0000000000000000
core   0: 0x0000000080000016 (0x00004601) c.li    a2, 0
core   0: 3 0x0000000080000016 (0x4601) x12 0x0000000000000000
core   0: 0x0000000080000018 (0x00004681) c.li    a3, 0
core   0: 3 0x0000000080000018 (0x4681) x13 0x0000000000000000
core   0: 0x000000008000001a (0x00004701) c.li    a4, 0
core   0: 3 0x000000008000001a (0x4701) x14 0x0000000000000000
core   0: 0x000000008000001c (0x00004781) c.li    a5, 0
core   0: 3 0x000000008000001c (0x4781) x15 0x0000000000000000
core   0: 0x000000008000001e (0x00004801) c.li    a6, 0
core   0: 3 0x000000008000001e (0x4801) x16 0x0000000000000000
core   0: 0x0000000080000020 (0x00004881) c.li    a7, 0
core   0: 3 0x0000000080000020 (0x4881) x17 0x0000000000000000
core   0: 0x0000000080000022 (0x00004901) c.li    s2, 0
core   0: 3 0x0000000080000022 (0x4901) x18 0x0000000000000000
core   0: 0x0000000080000024 (0x00004981) c.li    s3, 0
core   0: 3 0x0000000080000024 (0x4981) x19 0x0000000000000000
core   0: 0x0000000080000026 (0x00004a01) c.li    s4, 0
core   0: 3 0x0000000080000026 (0x4a01) x20 0x0000000000000000
core   0: 0x0000000080000028 (0x00004a81) c.li    s5, 0
core   0: 3 0x0000000080000028 (0x4a81) x21 0x0000000000000000
core   0: 0x000000008000002a (0x00004b01) c.li    s6, 0
core   0: 3 0x000000008000002a (0x4b01) x22 0x0000000000000000
core   0: 0x000000008000002c (0x00004b81) c.li    s7, 0
core   0: 3 0x000000008000002c (0x4b81) x23 0x0000000000000000
core   0: 0x000000008000002e (0x00004c01) c.li    s8, 0
core   0: 3 0x000000008000002e (0x4c01) x24 0x0000000000000000
core   0: 0x0000000080000030 (0x00004c81) c.li    s9, 0
core   0: 3 0x0000000080000030 (0x4c81) x25 0x0000000000000000
core   0: 0x0000000080000032 (0x00004d01) c.li    s10, 0
core   0: 3 0x0000000080000032 (0x4d01) x26 0x0000000000000000
core   0: 0x0000000080000034 (0x00004d81) c.li    s11, 0
core   0: 3 0x0000000080000034 (0x4d81) x27 0x0000000000000000
core   0: 0x0000000080000036 (0x00004e01) c.li    t3, 0
core   0: 3 0x0000000080000036 (0x4e01) x28 0x0000000000000000
core   0: 0x0000000080000038 (0x00004e81) c.li    t4, 0
core   0: 3 0x0000000080000038 (0x4e81) x29 0x0000000000000000
core   0: 0x000000008000003a (0x00004f01) c.li    t5, 0
core   0: 3 0x000000008000003a (0x4f01) x30 0x0000000000000000
core   0: 0x000000008000003c (0x00004f81) c.li    t6, 0
core   0: 3 0x000000008000003c (0x4f81) x31 0x0000000000000000
core   0: 0x000000008000003e (0x000062f9) c.lui   t0, 0x1e
core   0: 3 0x000000008000003e (0x62f9) x5  0x000000000001e000
core   0: 0x0000000080000040 (0x3002a073) csrs    mstatus, t0
core   0: 3 0x0000000080000040 (0x3002a073) c768_mstatus 0x8000000a00006000
core   0: 0x0000000080000044 (0x00004285) c.li    t0, 1
core   0: 3 0x0000000080000044 (0x4285) x5  0x0000000000000001
core   0: 0x0000000080000046 (0x000002fe) c.slli  t0, 31
core   0: 3 0x0000000080000046 (0x02fe) x5  0x0000000080000000
core   0: 0x0000000080000048 (0x0002d863) bgez    t0, pc + 16
core   0: 3 0x0000000080000048 (0x0002d863)
core   0: 0x0000000080000058 (0x00000297) auipc   t0, 0x0
core   0: 3 0x0000000080000058 (0x00000297) x5  0x0000000080000058
core   0: 0x000000008000005c (0x09028293) addi    t0, t0, 144
core   0: 3 0x000000008000005c (0x09028293) x5  0x00000000800000e8
core   0: 0x0000000080000060 (0x30529073) csrw    mtvec, t0
core   0: 3 0x0000000080000060 (0x30529073) c773_mtvec 0x00000000800000e8
core   0: 0x0000000080000064 (0x00301073) csrw    fcsr, zero
core   0: 3 0x0000000080000064 (0x00301073) c1_fflags 0x0000000000000000 c2_frm 0x0000000000000000
core   0: 0x0000000080000068 (0xf0000053) fmv.w.x ft0, zero
core   0: 3 0x0000000080000068 (0xf0000053) f0  0xffffffff00000000
core   0: 0x000000008000006c (0xf00000d3) fmv.w.x ft1, zero
core   0: 3 0x000000008000006c (0xf00000d3) f1  0xffffffff00000000
core   0: 0x0000000080000070 (0xf0000153) fmv.w.x ft2, zero
core   0: 3 0x0000000080000070 (0xf0000153) f2  0xffffffff00000000
core   0: 0x0000000080000074 (0xf00001d3) fmv.w.x ft3, zero
core   0: 3 0x0000000080000074 (0xf00001d3) f3  0xffffffff00000000
core   0: 0x0000000080000078 (0xf0000253) fmv.w.x ft4, zero
core   0: 3 0x0000000080000078 (0xf0000253) f4  0xffffffff00000000
core   0: 0x000000008000007c (0xf00002d3) fmv.w.x ft5, zero
core   0: 3 0x000000008000007c (0xf00002d3) f5  0xffffffff00000000
core   0: 0x0000000080000080 (0xf0000353) fmv.w.x ft6, zero
core   0: 3 0x0000000080000080 (0xf0000353) f6  0xffffffff00000000
core   0: 0x0000000080000084 (0xf00003d3) fmv.w.x ft7, zero
core   0: 3 0x0000000080000084 (0xf00003d3) f7  0xffffffff00000000
core   0: 0x0000000080000088 (0xf0000453) fmv.w.x fs0, zero
core   0: 3 0x0000000080000088 (0xf0000453) f8  0xffffffff00000000
core   0: 0x000000008000008c (0xf00004d3) fmv.w.x fs1, zero
core   0: 3 0x000000008000008c (0xf00004d3) f9  0xffffffff00000000
core   0: 0x0000000080000090 (0xf0000553) fmv.w.x fa0, zero
core   0: 3 0x0000000080000090 (0xf0000553) f10 0xffffffff00000000
core   0: 0x0000000080000094 (0xf00005d3) fmv.w.x fa1, zero
core   0: 3 0x0000000080000094 (0xf00005d3) f11 0xffffffff00000000
core   0: 0x0000000080000098 (0xf0000653) fmv.w.x fa2, zero
core   0: 3 0x0000000080000098 (0xf0000653) f12 0xffffffff00000000
core   0: 0x000000008000009c (0xf00006d3) fmv.w.x fa3, zero
core   0: 3 0x000000008000009c (0xf00006d3) f13 0xffffffff00000000
core   0: 0x00000000800000a0 (0xf0000753) fmv.w.x fa4, zero
core   0: 3 0x00000000800000a0 (0xf0000753) f14 0xffffffff00000000
core   0: 0x00000000800000a4 (0xf00007d3) fmv.w.x fa5, zero
core   0: 3 0x00000000800000a4 (0xf00007d3) f15 0xffffffff00000000
core   0: 0x00000000800000a8 (0xf0000853) fmv.w.x fa6, zero
core   0: 3 0x00000000800000a8 (0xf0000853) f16 0xffffffff00000000
core   0: 0x00000000800000ac (0xf00008d3) fmv.w.x fa7, zero
core   0: 3 0x00000000800000ac (0xf00008d3) f17 0xffffffff00000000
core   0: 0x00000000800000b0 (0xf0000953) fmv.w.x fs2, zero
core   0: 3 0x00000000800000b0 (0xf0000953) f18 0xffffffff00000000
core   0: 0x00000000800000b4 (0xf00009d3) fmv.w.x fs3, zero
core   0: 3 0x00000000800000b4 (0xf00009d3) f19 0xffffffff00000000
core   0: 0x00000000800000b8 (0xf0000a53) fmv.w.x fs4, zero
core   0: 3 0x00000000800000b8 (0xf0000a53) f20 0xffffffff00000000
core   0: 0x00000000800000bc (0xf0000ad3) fmv.w.x fs5, zero
core   0: 3 0x00000000800000bc (0xf0000ad3) f21 0xffffffff00000000
core   0: 0x00000000800000c0 (0xf0000b53) fmv.w.x fs6, zero
core   0: 3 0x00000000800000c0 (0xf0000b53) f22 0xffffffff00000000
core   0: 0x00000000800000c4 (0xf0000bd3) fmv.w.x fs7, zero
core   0: 3 0x00000000800000c4 (0xf0000bd3) f23 0xffffffff00000000
core   0: 0x00000000800000c8 (0xf0000c53) fmv.w.x fs8, zero
core   0: 3 0x00000000800000c8 (0xf0000c53) f24 0xffffffff00000000
core   0: 0x00000000800000cc (0xf0000cd3) fmv.w.x fs9, zero
core   0: 3 0x00000000800000cc (0xf0000cd3) f25 0xffffffff00000000
core   0: 0x00000000800000d0 (0xf0000d53) fmv.w.x fs10, zero
core   0: 3 0x00000000800000d0 (0xf0000d53) f26 0xffffffff00000000
core   0: 0x00000000800000d4 (0xf0000dd3) fmv.w.x fs11, zero
core   0: 3 0x00000000800000d4 (0xf0000dd3) f27 0xffffffff00000000
core   0: 0x00000000800000d8 (0xf0000e53) fmv.w.x ft8, zero
core   0: 3 0x00000000800000d8 (0xf0000e53) f28 0xffffffff00000000
core   0: 0x00000000800000dc (0xf0000ed3) fmv.w.x ft9, zero
core   0: 3 0x00000000800000dc (0xf0000ed3) f29 0xffffffff00000000
core   0: 0x00000000800000e0 (0xf0000f53) fmv.w.x ft10, zero
core   0: 3 0x00000000800000e0 (0xf0000f53) f30 0xffffffff00000000
core   0: 0x00000000800000e4 (0xf0000fd3) fmv.w.x ft11, zero
core   0: 3 0x00000000800000e4 (0xf0000fd3) f31 0xffffffff00000000
core   0: 0x00000000800000e8 (0x00000297) auipc   t0, 0x0
core   0: 3 0x00000000800000e8 (0x00000297) x5  0x00000000800000e8
core   0: 0x00000000800000ec (0x03c28293) addi    t0, t0, 60
core   0: 3 0x00000000800000ec (0x03c28293) x5  0x0000000080000124
core   0: 0x00000000800000f0 (0x30529073) csrw    mtvec, t0
core   0: 3 0x00000000800000f0 (0x30529073) c773_mtvec 0x0000000080000124
core   0: 0x00000000800000f4 (0x00003197) auipc   gp, 0x3
core   0: 3 0x00000000800000f4 (0x00003197) x3  0x00000000800030f4
core   0: 0x00000000800000f8 (0x79218193) addi    gp, gp, 1938
core   0: 3 0x00000000800000f8 (0x79218193) x3  0x0000000080003886
core   0: 0x00000000800000fc (0x00003217) auipc   tp, 0x3
core   0: 3 0x00000000800000fc (0x00003217) x4  0x00000000800030fc
core   0: 0x0000000080000100 (0xfc920213) addi    tp, tp, -55
core   0: 3 0x0000000080000100 (0xfc920213) x4  0x00000000800030c5
core   0: 0x0000000080000104 (0xfc027213) andi    tp, tp, -64
core   0: 3 0x0000000080000104 (0xfc027213) x4  0x00000000800030c0
core   0: 0x0000000080000108 (0xf1402573) csrr    a0, mhartid
core   0: 3 0x0000000080000108 (0xf1402573) x10 0x0000000000000000
core   0: 0x000000008000010c (0x00004585) c.li    a1, 1
core   0: 3 0x000000008000010c (0x4585) x11 0x0000000000000001
core   0: 0x000000008000010e (0x00b57063) bgeu    a0, a1, pc + 0
core   0: 3 0x000000008000010e (0x00b57063)
core   0: 0x0000000080000112 (0x00150113) addi    sp, a0, 1
core   0: 3 0x0000000080000112 (0x00150113) x2  0x0000000000000001
core   0: 0x0000000080000116 (0x00000146) c.slli  sp, 17
core   0: 3 0x0000000080000116 (0x0146) x2  0x0000000000020000
core   0: 0x0000000080000118 (0x00009112) c.add   sp, tp
core   0: 3 0x0000000080000118 (0x9112) x2  0x00000000800230c0
core   0: 0x000000008000011a (0x01151613) slli    a2, a0, 17
core   0: 3 0x000000008000011a (0x01151613) x12 0x0000000000000000
core   0: 0x000000008000011e (0x00009232) c.add   tp, a2
core   0: 3 0x000000008000011e (0x9232) x4  0x00000000800030c0
core   0: 0x0000000080000120 (0x0a80006f) j       pc + 0xa8
core   0: 3 0x0000000080000120 (0x0a80006f)
core   0: >>>>  _init
core   0: 0x00000000800001c8 (0x63d010ef) jal     pc + 0x1e3c
core   0: 3 0x00000000800001c8 (0x63d010ef) x1  0x00000000800001cc
core   0: >>>>  main
core   0: 0x0000000080002004 (0x00000297) auipc   t0, 0x0
core   0: 3 0x0000000080002004 (0x00000297) x5  0x0000000080002004
core   0: 0x0000000080002008 (0x01c28293) addi    t0, t0, 28
core   0: 3 0x0000000080002008 (0x01c28293) x5  0x0000000080002020
core   0: 0x000000008000200c (0x30529073) csrw    mtvec, t0
core   0: 3 0x000000008000200c (0x30529073) c773_mtvec 0x0000000080002020
core   0: 0x0000000080002010 (0x00000e97) auipc   t4, 0x0
core   0: 3 0x0000000080002010 (0x00000e97) x29 0x0000000080002010
core   0: 0x0000000080002014 (0xff0e8e93) addi    t4, t4, -16
core   0: 3 0x0000000080002014 (0xff0e8e93) x29 0x0000000080002000
core   0: 0x0000000080002018 (0x000ea023) sw      zero, 0(t4)
core   0: 3 0x0000000080002018 (0x000ea023) mem 0x0000000080002000 0x00000000
core   0: 0x000000008000201c (0x0640006f) j       pc + 0x64
core   0: 3 0x000000008000201c (0x0640006f)
core   0: >>>>  $d
core   0: 0x0000000080002080 (0xdeadbeef) jal     t4, pc - 0x24a16
core   0: 3 0x0000000080002080 (0xdeadbeef) x29 0x0000000080002084
core   0: exception trap_instruction_access_fault, epc 0x000000007ffdd66a
core   0:           tval 0x000000007ffdd66a
core   0: >>>>  exception_entry
core   0: 0x0000000080002020 (0x341022f3) csrr    t0, mepc
core   0: 3 0x0000000080002020 (0x341022f3) x5  0x000000007ffdd66a
core   0: 0x0000000080002024 (0x00028303) lb      t1, 0(t0)
core   0: exception trap_load_access_fault, epc 0x0000000080002024
core   0:           tval 0x000000007ffdd66a
core   0: >>>>  exception_entry
core   0: 0x0000000080002020 (0x341022f3) csrr    t0, mepc
core   0: 3 0x0000000080002020 (0x341022f3) x5  0x0000000080002024
core   0: 0x0000000080002024 (0x00028303) lb      t1, 0(t0)
core   0: 3 0x0000000080002024 (0x00028303) x6  0x0000000000000003 mem 0x0000000080002024
core   0: 0x0000000080002028 (0x0000450d) c.li    a0, 3
core   0: 3 0x0000000080002028 (0x450d) x10 0x0000000000000003
core   0: 0x000000008000202a (0x00a37333) and     t1, t1, a0
core   0: 3 0x000000008000202a (0x00a37333) x6  0x0000000000000003
core   0: 0x000000008000202e (0x00000e97) auipc   t4, 0x0
core   0: 3 0x000000008000202e (0x00000e97) x29 0x000000008000202e
core   0: 0x0000000080002032 (0xfd2e8e93) addi    t4, t4, -46
core   0: 3 0x0000000080002032 (0xfd2e8e93) x29 0x0000000080002000
core   0: 0x0000000080002036 (0x000eaf03) lw      t5, 0(t4)
core   0: 3 0x0000000080002036 (0x000eaf03) x30 0x0000000000000000 mem 0x0000000080002000
core   0: 0x000000008000203a (0x00000f05) c.addi  t5, 1
core   0: 3 0x000000008000203a (0x0f05) x30 0x0000000000000001
core   0: 0x000000008000203c (0x00004fa9) c.li    t6, 10
core   0: 3 0x000000008000203c (0x4fa9) x31 0x000000000000000a
core   0: 0x000000008000203e (0x03ff0163) beq     t5, t6, pc + 34
core   0: 3 0x000000008000203e (0x03ff0163)
core   0: 0x0000000080002042 (0x01eea023) sw      t5, 0(t4)
core   0: 3 0x0000000080002042 (0x01eea023) mem 0x0000000080002000 0x00000001
core   0: 0x0000000080002046 (0x00a31363) bne     t1, a0, pc + 6
core   0: 3 0x0000000080002046 (0x00a31363)
core   0: 0x000000008000204a (0x00000289) c.addi  t0, 2
core   0: 3 0x000000008000204a (0x0289) x5  0x0000000080002026
core   0: >>>>  end_handler_incr_mepc2
core   0: 0x000000008000204c (0x00000289) c.addi  t0, 2
core   0: 3 0x000000008000204c (0x0289) x5  0x0000000080002028
core   0: 0x000000008000204e (0x34129073) csrw    mepc, t0
core   0: 3 0x000000008000204e (0x34129073) c833_mepc 0x0000000080002028
core   0: >>>>  end_handler_ret
core   0: 0x0000000080002052 (0x30200073) mret
core   0: 3 0x0000000080002052 (0x30200073) c1957_tcontrol 0x0000000000000000 c768_mstatus 0x8000000a00006080
core   0: 0x0000000080002028 (0x0000450d) c.li    a0, 3
core   0: 3 0x0000000080002028 (0x450d) x10 0x0000000000000003
core   0: 0x000000008000202a (0x00a37333) and     t1, t1, a0
core   0: 3 0x000000008000202a (0x00a37333) x6  0x0000000000000003
core   0: 0x000000008000202e (0x00000e97) auipc   t4, 0x0
core   0: 3 0x000000008000202e (0x00000e97) x29 0x000000008000202e
core   0: 0x0000000080002032 (0xfd2e8e93) addi    t4, t4, -46
core   0: 3 0x0000000080002032 (0xfd2e8e93) x29 0x0000000080002000
core   0: 0x0000000080002036 (0x000eaf03) lw      t5, 0(t4)
core   0: 3 0x0000000080002036 (0x000eaf03) x30 0x0000000000000001 mem 0x0000000080002000
core   0: 0x000000008000203a (0x00000f05) c.addi  t5, 1
core   0: 3 0x000000008000203a (0x0f05) x30 0x0000000000000002
core   0: 0x000000008000203c (0x00004fa9) c.li    t6, 10
core   0: 3 0x000000008000203c (0x4fa9) x31 0x000000000000000a
core   0: 0x000000008000203e (0x03ff0163) beq     t5, t6, pc + 34
core   0: 3 0x000000008000203e (0x03ff0163)
core   0: 0x0000000080002042 (0x01eea023) sw      t5, 0(t4)
core   0: 3 0x0000000080002042 (0x01eea023) mem 0x0000000080002000 0x00000002
core   0: 0x0000000080002046 (0x00a31363) bne     t1, a0, pc + 6
core   0: 3 0x0000000080002046 (0x00a31363)
core   0: 0x000000008000204a (0x00000289) c.addi  t0, 2
core   0: 3 0x000000008000204a (0x0289) x5  0x000000008000202a
core   0: >>>>  end_handler_incr_mepc2
core   0: 0x000000008000204c (0x00000289) c.addi  t0, 2
core   0: 3 0x000000008000204c (0x0289) x5  0x000000008000202c
core   0: 0x000000008000204e (0x34129073) csrw    mepc, t0
core   0: 3 0x000000008000204e (0x34129073) c833_mepc 0x000000008000202c
core   0: >>>>  end_handler_ret
core   0: 0x0000000080002052 (0x30200073) mret
core   0: 3 0x0000000080002052 (0x30200073) c1957_tcontrol 0x0000000000000000 c768_mstatus 0x8000000a00006088
core   0: 0x000000008000202c (0x0e9700a3) sb      s1, 225(a4)
core   0: exception trap_store_access_fault, epc 0x000000008000202c
core   0:           tval 0x00000000000000e1
core   0: >>>>  exception_entry
core   0: 0x0000000080002020 (0x341022f3) csrr    t0, mepc
core   0: 3 0x0000000080002020 (0x341022f3) x5  0x000000008000202c
core   0: 0x0000000080002024 (0x00028303) lb      t1, 0(t0)
core   0: 3 0x0000000080002024 (0x00028303) x6  0xffffffffffffffa3 mem 0x000000008000202c
core   0: 0x0000000080002028 (0x0000450d) c.li    a0, 3
core   0: 3 0x0000000080002028 (0x450d) x10 0x0000000000000003
core   0: 0x000000008000202a (0x00a37333) and     t1, t1, a0
core   0: 3 0x000000008000202a (0x00a37333) x6  0x0000000000000003
core   0: 0x000000008000202e (0x00000e97) auipc   t4, 0x0
core   0: 3 0x000000008000202e (0x00000e97) x29 0x000000008000202e
core   0: 0x0000000080002032 (0xfd2e8e93) addi    t4, t4, -46
core   0: 3 0x0000000080002032 (0xfd2e8e93) x29 0x0000000080002000
core   0: 0x0000000080002036 (0x000eaf03) lw      t5, 0(t4)
core   0: 3 0x0000000080002036 (0x000eaf03) x30 0x0000000000000002 mem 0x0000000080002000
core   0: 0x000000008000203a (0x00000f05) c.addi  t5, 1
core   0: 3 0x000000008000203a (0x0f05) x30 0x0000000000000003
core   0: 0x000000008000203c (0x00004fa9) c.li    t6, 10
core   0: 3 0x000000008000203c (0x4fa9) x31 0x000000000000000a
core   0: 0x000000008000203e (0x03ff0163) beq     t5, t6, pc + 34
core   0: 3 0x000000008000203e (0x03ff0163)
core   0: 0x0000000080002042 (0x01eea023) sw      t5, 0(t4)
core   0: 3 0x0000000080002042 (0x01eea023) mem 0x0000000080002000 0x00000003
core   0: 0x0000000080002046 (0x00a31363) bne     t1, a0, pc + 6
core   0: 3 0x0000000080002046 (0x00a31363)
core   0: 0x000000008000204a (0x00000289) c.addi  t0, 2
core   0: 3 0x000000008000204a (0x0289) x5  0x000000008000202e